<?xml version="1.0" encoding="UTF-8"?>
<!-- Generated by org.testng.reporters.JUnitReportReporter -->
<testsuite hostname="MANI" failures="0" tests="2" name="com.w3schools.tests.LoginTest" time="76.515" errors="0" timestamp="2023-08-19T10:58:29 IST" skipped="0">
  <testcase classname="com.w3schools.tests.LoginTest" name="loginWithValidCredentials" time="17.268"/>
  <testcase classname="com.w3schools.tests.LoginTest" name="loginWithInvalidEmail" time="59.247"/>
</testsuite> <!-- com.w3schools.tests.LoginTest -->
